Using pre-set license
Built from '2020.2/release' branch; Version is '2020.2.0f1 (3721df5a8b28) revision 3613151'; Using compiler version '192528614'; Build Type 'Release'
OS: 'Windows 10  (10.0.0) 64bit' Language: 'en' Physical Memory: 16301 MB
BatchMode: 1, IsHumanControllingUs: 0, StartBugReporterOnCrash: 0, Is64bit: 1, IsPro: 0

 COMMAND LINE ARGUMENTS:
C:\Program Files\Unity\Hub\Editor\2020.2.0f1\Editor\Unity.exe
-adb2
-batchMode
-noUpm
-name
AssetImportWorker0
-projectPath
C:/Users/Me/Documents/[Projects]/Node/Node/Node-Unity
-logFile
Logs/AssetImportWorker0.log
-srvPort
55198
Successfully changed project path to: C:/Users/Me/Documents/[Projects]/Node/Node/Node-Unity
C:/Users/Me/Documents/[Projects]/Node/Node/Node-Unity
Using Asset Import Pipeline V2.
Refreshing native plugins compatible for Editor in 49.82 ms, found 3 plugins.
Preloading 0 native plugins for Editor in 0.00 ms.
Initialize engine version: 2020.2.0f1 (3721df5a8b28)
[Subsystems] Discovering subsystems at path C:/Program Files/Unity/Hub/Editor/2020.2.0f1/Editor/Data/Resources/UnitySubsystems
[Subsystems] Discovering subsystems at path C:/Users/Me/Documents/[Projects]/Node/Node/Node-Unity/Assets
GfxDevice: creating device client; threaded=0
Direct3D:
    Version:  Direct3D 11.0 [level 11.1]
    Renderer: NVIDIA GeForce GTX 970 (ID=0x13c2)
    Vendor:   
    VRAM:     4043 MB
    Driver:   27.21.14.6192
Initialize mono
Mono path[0] = 'C:/Program Files/Unity/Hub/Editor/2020.2.0f1/Editor/Data/Managed'
Mono path[1] = 'C:/Program Files/Unity/Hub/Editor/2020.2.0f1/Editor/Data/MonoBleedingEdge/lib/mono/unityjit'
Mono config path = 'C:/Program Files/Unity/Hub/Editor/2020.2.0f1/Editor/Data/MonoBleedingEdge/etc'
Using monoOptions --debugger-agent=transport=dt_socket,embedding=1,server=y,suspend=n,address=127.0.0.1:56880
Begin MonoManager ReloadAssembly
Registering precompiled unity dll's ...
Register platform support module: C:/Program Files/Unity/Hub/Editor/2020.2.0f1/Editor/Data/PlaybackEngines/WindowsStandaloneSupport/UnityEditor.WindowsStandalone.Extensions.dll
Registered in 0.001812 seconds.
Native extension for WindowsStandalone target not found
Refreshing native plugins compatible for Editor in 36.25 ms, found 3 plugins.
Preloading 0 native plugins for Editor in 0.00 ms.
Invoked RoslynAnalysisRunner static constructor.
RoslynAnalysisRunner will not be running.
RoslynAnalysisRunner has terminated.
Mono: successfully reloaded assembly
- Completed reload, in  1.185 seconds
Platform modules already initialized, skipping
Registering precompiled user dll's ...
Registered in 0.002790 seconds.
Begin MonoManager ReloadAssembly
Native extension for WindowsStandalone target not found
Refreshing native plugins compatible for Editor in 36.46 ms, found 3 plugins.
Preloading 0 native plugins for Editor in 0.00 ms.
Invoked RoslynAnalysisRunner static constructor.
RoslynAnalysisRunner will not be running.
RoslynAnalysisRunner has terminated.
RefreshInfo: StopAssetImportingV2(NoUpdateAssetOptions) scanfilter: 
RefreshProfiler: Total: 0.000ms
Mono: successfully reloaded assembly
- Completed reload, in  0.738 seconds
Platform modules already initialized, skipping
========================================================================
Worker process is ready to serve import requests
Launched and connected shader compiler UnityShaderCompiler.exe after 0.02 seconds
Refreshing native plugins compatible for Editor in 0.72 ms, found 3 plugins.
Preloading 0 native plugins for Editor in 0.00 ms.
Unloading 13 Unused Serialized files (Serialized files now loaded: 0)
System memory in use before: 59.8 MB.
System memory in use after: 59.8 MB.

Unloading 82 unused Assets to reduce memory usage. Loaded Objects now: 3172.
Total: 2.179500 ms (FindLiveObjects: 0.322000 ms CreateObjectMapping: 0.138700 ms MarkObjects: 1.619700 ms  DeleteObjects: 0.098300 ms)

========================================================================
Received Import Request.
  path: Assets/Localization/BattleText Shared Data.asset
  artifactKey: Guid(9e91f7794bf37744db404206c0081a2c) Importer(815301076,1909f56bfc062723c751e8b465ee728b)
Start importing Assets/Localization/BattleText Shared Data.asset using Guid(9e91f7794bf37744db404206c0081a2c) Importer(815301076,1909f56bfc062723c751e8b465ee728b)  -> (artifact id: 'a2deb52de2f0d966e24e80cbddae6fc9') in 0.028564 seconds
  Import took 0.032341 seconds .

========================================================================
Received Import Request.
  Time since last request: 0.000154 seconds.
  path: Assets/Localization/BattleText_en.asset
  artifactKey: Guid(a4337fa0445a53e47bbe0ac90f1054a2) Importer(815301076,1909f56bfc062723c751e8b465ee728b)
Start importing Assets/Localization/BattleText_en.asset using Guid(a4337fa0445a53e47bbe0ac90f1054a2) Importer(815301076,1909f56bfc062723c751e8b465ee728b)  -> (artifact id: 'd40f542766104fe87adf05c5d94840da') in 0.008552 seconds
  Import took 0.011829 seconds .

========================================================================
Received Import Request.
  Time since last request: 0.000122 seconds.
  path: Assets/Localization/BattleText_ja.asset
  artifactKey: Guid(fb9290d2e5390964d93ad7a591c7bba5) Importer(815301076,1909f56bfc062723c751e8b465ee728b)
Start importing Assets/Localization/BattleText_ja.asset using Guid(fb9290d2e5390964d93ad7a591c7bba5) Importer(815301076,1909f56bfc062723c751e8b465ee728b)  -> (artifact id: '7d24e59dffb06b2b295c53972ea74efc') in 0.004834 seconds
  Import took 0.008124 seconds .

========================================================================
Received Import Request.
  Time since last request: 475.881639 seconds.
  path: Assets/Localization/Google Sheets Service.asset
  artifactKey: Guid(ecb685fc2ff520245a76bf0a6d81d260) Importer(815301076,1909f56bfc062723c751e8b465ee728b)
Start importing Assets/Localization/Google Sheets Service.asset using Guid(ecb685fc2ff520245a76bf0a6d81d260) Importer(815301076,1909f56bfc062723c751e8b465ee728b)  -> (artifact id: '9901cf21d0cc4612353f10dec7afb0e9') in 0.006536 seconds
  Import took 0.010447 seconds .

========================================================================
Received Import Request.
  Time since last request: 1.017107 seconds.
  path: Assets/Localization/Google Sheets Service.asset
  artifactKey: Guid(ecb685fc2ff520245a76bf0a6d81d260) Importer(815301076,1909f56bfc062723c751e8b465ee728b)
Start importing Assets/Localization/Google Sheets Service.asset using Guid(ecb685fc2ff520245a76bf0a6d81d260) Importer(815301076,1909f56bfc062723c751e8b465ee728b)  -> (artifact id: '9901cf21d0cc4612353f10dec7afb0e9') in 0.001912 seconds
  Import took 0.005368 seconds .

========================================================================
Received Import Request.
  Time since last request: 639.279684 seconds.
  path: Assets/Localization
  artifactKey: Guid(b41fb16989331fe4abfe13187e45d232) Importer(815301076,1909f56bfc062723c751e8b465ee728b)
Start importing Assets/Localization using Guid(b41fb16989331fe4abfe13187e45d232) Importer(815301076,1909f56bfc062723c751e8b465ee728b)  -> (artifact id: '4aba4bcc577f8e7c4b84bfec4e554a8b') in 0.005122 seconds
  Import took 0.008901 seconds .

========================================================================
Received Import Request.
  Time since last request: 12.500283 seconds.
  path: Assets/Localization/Node - BattleTooltips Text + Localization - Sheet1.csv
  artifactKey: Guid(dbb0f89d03cadef4f8ef5ade504c1697) Importer(815301076,1909f56bfc062723c751e8b465ee728b)
Start importing Assets/Localization/Node - BattleTooltips Text + Localization - Sheet1.csv using Guid(dbb0f89d03cadef4f8ef5ade504c1697) Importer(815301076,1909f56bfc062723c751e8b465ee728b)  -> (artifact id: 'c49794787e5a500d887d6b2feeeef4b4') in 0.008224 seconds
  Import took 0.012016 seconds .

========================================================================
Received Import Request.
  Time since last request: 275.629579 seconds.
  path: Assets/Localization/BattleText.csv
  artifactKey: Guid(dbb0f89d03cadef4f8ef5ade504c1697) Importer(815301076,1909f56bfc062723c751e8b465ee728b)
Start importing Assets/Localization/BattleText.csv using Guid(dbb0f89d03cadef4f8ef5ade504c1697) Importer(815301076,1909f56bfc062723c751e8b465ee728b)  -> (artifact id: '5b4a8beb720fc470e392134f626c3abe') in 0.005209 seconds
  Import took 0.008792 seconds .

========================================================================
Received Import Request.
  Time since last request: 4.055088 seconds.
  path: Assets/Localization/BattleText Shared Data.asset
  artifactKey: Guid(9e91f7794bf37744db404206c0081a2c) Importer(815301076,1909f56bfc062723c751e8b465ee728b)
Start importing Assets/Localization/BattleText Shared Data.asset using Guid(9e91f7794bf37744db404206c0081a2c) Importer(815301076,1909f56bfc062723c751e8b465ee728b)  -> (artifact id: '4e3f16ba90d42c9de3ea1a95882939f1') in 0.005031 seconds
  Import took 0.008589 seconds .

========================================================================
Received Import Request.
  Time since last request: 0.000115 seconds.
  path: Assets/Localization/BattleText.asset
  artifactKey: Guid(92415dd7eb6fccf43a66bfb57b8e5872) Importer(815301076,1909f56bfc062723c751e8b465ee728b)
Start importing Assets/Localization/BattleText.asset using Guid(92415dd7eb6fccf43a66bfb57b8e5872) Importer(815301076,1909f56bfc062723c751e8b465ee728b)  -> (artifact id: 'cbb183f78d6f4fcffec565a89d4fa656') in 0.003592 seconds
  Import took 0.006462 seconds .

========================================================================
Received Import Request.
  Time since last request: 0.000126 seconds.
  path: Assets/Localization/BattleText_en.asset
  artifactKey: Guid(a4337fa0445a53e47bbe0ac90f1054a2) Importer(815301076,1909f56bfc062723c751e8b465ee728b)
Start importing Assets/Localization/BattleText_en.asset using Guid(a4337fa0445a53e47bbe0ac90f1054a2) Importer(815301076,1909f56bfc062723c751e8b465ee728b)  -> (artifact id: '478a317f6942354be4272fffe4cc2fe9') in 0.002100 seconds
  Import took 0.004694 seconds .

========================================================================
Received Import Request.
  Time since last request: 0.000108 seconds.
  path: Assets/Localization/BattleText_ja.asset
  artifactKey: Guid(fb9290d2e5390964d93ad7a591c7bba5) Importer(815301076,1909f56bfc062723c751e8b465ee728b)
Start importing Assets/Localization/BattleText_ja.asset using Guid(fb9290d2e5390964d93ad7a591c7bba5) Importer(815301076,1909f56bfc062723c751e8b465ee728b)  -> (artifact id: '5c7088ffdb840c50814773572cfe91f4') in 0.001955 seconds
  Import took 0.004419 seconds .

AssetImportWorkerClient::OnTransportError - code=2 error=End of file
